<?xml version="1.0" encoding="UTF-8"?>
<robot generator="Robot 3.1.1 (Python 3.7.2 on win32)" generated="20190424 09:30:37.206" rpa="false">
<suite id="s1" name="V1" source="C:\Users\rechegaray\Desktop\robotWrapper\tests\ipi\v1.robot">
<test id="s1-t1" name="Stub Test">
<kw name="Foobar">
<arguments>
<arg>${NUMBER}</arg>
</arguments>
<assign>
<var>${testing} =</var>
</assign>
<msg timestamp="20190424 09:30:37.243" level="FAIL">No keyword with name 'Foobar' found.</msg>
<status status="FAIL" starttime="20190424 09:30:37.243" endtime="20190424 09:30:37.243"></status>
</kw>
<tags>
<tag>IPI</tag>
<tag>Stub</tag>
<tag>v1</tag>
</tags>
<status status="FAIL" starttime="20190424 09:30:37.242" endtime="20190424 09:30:37.244" critical="yes">No keyword with name 'Foobar' found.</status>
</test>
<doc>Subsuite 1</doc>
<status status="FAIL" starttime="20190424 09:30:37.206" endtime="20190424 09:30:37.246"></status>
</suite>
<statistics>
<total>
<stat pass="0" fail="1">Critical Tests</stat>
<stat pass="0" fail="1">All Tests</stat>
</total>
<tag>
<stat pass="0" fail="1">IPI</stat>
<stat pass="0" fail="1">Stub</stat>
<stat pass="0" fail="1">v1</stat>
</tag>
<suite>
<stat pass="0" fail="1" id="s1" name="V1">V1</stat>
</suite>
</statistics>
<errors>
<msg timestamp="20190424 09:30:37.234" level="ERROR">Error in file 'C:\Users\rechegaray\Desktop\robotWrapper\tests\ipi\v1.robot': Importing test library 'utilities.script1' failed: ModuleNotFoundError: No module named 'utilities'
Traceback (most recent call last):
  None
PYTHONPATH:
  C:\Users\rechegaray\Desktop\robotWrapper\robotVenv\Scripts\robot.exe
  C:\Users\rechegaray\AppData\Local\Programs\Python\Python37\python37.zip
  C:\Users\rechegaray\AppData\Local\Programs\Python\Python37\DLLs
  C:\Users\rechegaray\AppData\Local\Programs\Python\Python37\lib
  C:\Users\rechegaray\AppData\Local\Programs\Python\Python37
  c:\users\rechegaray\desktop\robotwrapper\robotvenv
  c:\users\rechegaray\desktop\robotwrapper\robotvenv\lib\site-packages</msg>
</errors>
</robot>
