<?xml version="1.0" encoding="UTF-8"?>
<robot generator="Robot 3.1 (Python 3.7.2 on win32)" generated="20190424 09:50:30.911" rpa="false">
<suite id="s1" name="Tests" source="C:\Users\rechegaray\Desktop\robotWrapper\tests">
<suite id="s1-s1" name="Ipi" source="C:\Users\rechegaray\Desktop\robotWrapper\tests\ipi">
<suite id="s1-s1-s1" name="V1" source="C:\Users\rechegaray\Desktop\robotWrapper\tests\ipi\v1.robot">
<test id="s1-s1-s1-t1" name="Stub Test">
<kw name="Get Time" library="BuiltIn">
<doc>Returns the given time in the requested format.</doc>
<assign>
<var>${time}</var>
</assign>
<msg timestamp="20190424 09:50:30.942" level="INFO">${time} = 2019-04-24 09:50:30</msg>
<status status="PASS" starttime="20190424 09:50:30.942" endtime="20190424 09:50:30.942"></status>
</kw>
<kw name="Set Suite Metadata" library="BuiltIn">
<doc>Sets metadata for the current test suite.</doc>
<arguments>
<arg>Time</arg>
<arg>${time}</arg>
</arguments>
<msg timestamp="20190424 09:50:30.942" level="INFO">Set suite metadata 'Time' to value '2019-04-24 09:50:30'.</msg>
<status status="PASS" starttime="20190424 09:50:30.942" endtime="20190424 09:50:30.942"></status>
</kw>
<kw name="Catenate" library="BuiltIn">
<doc>Catenates the given items together and returns the resulted string.</doc>
<arguments>
<arg>\r\n Test Description:</arg>
</arguments>
<assign>
<var>${my_doc}</var>
</assign>
<msg timestamp="20190424 09:50:30.942" level="INFO">${my_doc} = 
Test Description:</msg>
<status status="PASS" starttime="20190424 09:50:30.942" endtime="20190424 09:50:30.942"></status>
</kw>
<kw name="Catenate" library="BuiltIn">
<doc>Catenates the given items together and returns the resulted string.</doc>
<arguments>
<arg>${my_doc}</arg>
<arg>\n - Stub Test</arg>
</arguments>
<assign>
<var>${my_doc}</var>
</assign>
<msg timestamp="20190424 09:50:30.942" level="INFO">${my_doc} = 
Test Description: 
- Stub Test</msg>
<status status="PASS" starttime="20190424 09:50:30.942" endtime="20190424 09:50:30.942"></status>
</kw>
<kw name="Set Test Documentation" library="BuiltIn">
<doc>Sets documentation for the current test case.</doc>
<arguments>
<arg>${my_doc}</arg>
</arguments>
<msg timestamp="20190424 09:50:30.942" level="INFO">Set test documentation to:

Test Description: 
- Stub Test</msg>
<status status="PASS" starttime="20190424 09:50:30.942" endtime="20190424 09:50:30.942"></status>
</kw>
<doc>
Test Description: 
- Stub Test</doc>
<tags>
<tag>IPI</tag>
<tag>Stub</tag>
<tag>v1</tag>
</tags>
<status status="PASS" starttime="20190424 09:50:30.942" endtime="20190424 09:50:30.942" critical="yes"></status>
</test>
<doc>Subsuite 1</doc>
<metadata>
<item name="Time">2019-04-24 09:50:30</item>
</metadata>
<status status="PASS" starttime="20190424 09:50:30.942" endtime="20190424 09:50:30.958"></status>
</suite>
<suite id="s1-s1-s2" name="V2" source="C:\Users\rechegaray\Desktop\robotWrapper\tests\ipi\v2.robot">
<test id="s1-s1-s2-t1" name="Stub Test">
<kw name="Get Time" library="BuiltIn">
<doc>Returns the given time in the requested format.</doc>
<assign>
<var>${time}</var>
</assign>
<msg timestamp="20190424 09:50:30.958" level="INFO">${time} = 2019-04-24 09:50:30</msg>
<status status="PASS" starttime="20190424 09:50:30.958" endtime="20190424 09:50:30.958"></status>
</kw>
<kw name="Set Suite Metadata" library="BuiltIn">
<doc>Sets metadata for the current test suite.</doc>
<arguments>
<arg>Time</arg>
<arg>${time}</arg>
</arguments>
<msg timestamp="20190424 09:50:30.958" level="INFO">Set suite metadata 'Time' to value '2019-04-24 09:50:30'.</msg>
<status status="PASS" starttime="20190424 09:50:30.958" endtime="20190424 09:50:30.958"></status>
</kw>
<kw name="Catenate" library="BuiltIn">
<doc>Catenates the given items together and returns the resulted string.</doc>
<arguments>
<arg>\r\n Test Description:</arg>
</arguments>
<assign>
<var>${my_doc}</var>
</assign>
<msg timestamp="20190424 09:50:30.958" level="INFO">${my_doc} = 
Test Description:</msg>
<status status="PASS" starttime="20190424 09:50:30.958" endtime="20190424 09:50:30.958"></status>
</kw>
<kw name="Catenate" library="BuiltIn">
<doc>Catenates the given items together and returns the resulted string.</doc>
<arguments>
<arg>${my_doc}</arg>
<arg>\n - Stub Test</arg>
</arguments>
<assign>
<var>${my_doc}</var>
</assign>
<msg timestamp="20190424 09:50:30.958" level="INFO">${my_doc} = 
Test Description: 
- Stub Test</msg>
<status status="PASS" starttime="20190424 09:50:30.958" endtime="20190424 09:50:30.958"></status>
</kw>
<kw name="Set Test Documentation" library="BuiltIn">
<doc>Sets documentation for the current test case.</doc>
<arguments>
<arg>${my_doc}</arg>
</arguments>
<msg timestamp="20190424 09:50:30.958" level="INFO">Set test documentation to:

Test Description: 
- Stub Test</msg>
<status status="PASS" starttime="20190424 09:50:30.958" endtime="20190424 09:50:30.958"></status>
</kw>
<doc>
Test Description: 
- Stub Test</doc>
<tags>
<tag>IPI</tag>
<tag>Stub</tag>
<tag>v2</tag>
</tags>
<status status="PASS" starttime="20190424 09:50:30.958" endtime="20190424 09:50:30.958" critical="yes"></status>
</test>
<doc>Subsuite 2</doc>
<metadata>
<item name="Time">2019-04-24 09:50:30</item>
</metadata>
<status status="PASS" starttime="20190424 09:50:30.958" endtime="20190424 09:50:30.974"></status>
</suite>
<suite id="s1-s1-s3" name="V3" source="C:\Users\rechegaray\Desktop\robotWrapper\tests\ipi\v3.robot">
<test id="s1-s1-s3-t1" name="Stub Test">
<kw name="Get Time" library="BuiltIn">
<doc>Returns the given time in the requested format.</doc>
<assign>
<var>${time}</var>
</assign>
<msg timestamp="20190424 09:50:30.974" level="INFO">${time} = 2019-04-24 09:50:30</msg>
<status status="PASS" starttime="20190424 09:50:30.974" endtime="20190424 09:50:30.974"></status>
</kw>
<kw name="Set Suite Metadata" library="BuiltIn">
<doc>Sets metadata for the current test suite.</doc>
<arguments>
<arg>Time</arg>
<arg>${time}</arg>
</arguments>
<msg timestamp="20190424 09:50:30.974" level="INFO">Set suite metadata 'Time' to value '2019-04-24 09:50:30'.</msg>
<status status="PASS" starttime="20190424 09:50:30.974" endtime="20190424 09:50:30.974"></status>
</kw>
<kw name="Catenate" library="BuiltIn">
<doc>Catenates the given items together and returns the resulted string.</doc>
<arguments>
<arg>\r\n Test Description:</arg>
</arguments>
<assign>
<var>${my_doc}</var>
</assign>
<msg timestamp="20190424 09:50:30.974" level="INFO">${my_doc} = 
Test Description:</msg>
<status status="PASS" starttime="20190424 09:50:30.974" endtime="20190424 09:50:30.974"></status>
</kw>
<kw name="Catenate" library="BuiltIn">
<doc>Catenates the given items together and returns the resulted string.</doc>
<arguments>
<arg>${my_doc}</arg>
<arg>\n - Stub Test</arg>
</arguments>
<assign>
<var>${my_doc}</var>
</assign>
<msg timestamp="20190424 09:50:30.983" level="INFO">${my_doc} = 
Test Description: 
- Stub Test</msg>
<status status="PASS" starttime="20190424 09:50:30.983" endtime="20190424 09:50:30.983"></status>
</kw>
<kw name="Set Test Documentation" library="BuiltIn">
<doc>Sets documentation for the current test case.</doc>
<arguments>
<arg>${my_doc}</arg>
</arguments>
<msg timestamp="20190424 09:50:30.985" level="INFO">Set test documentation to:

Test Description: 
- Stub Test</msg>
<status status="PASS" starttime="20190424 09:50:30.984" endtime="20190424 09:50:30.985"></status>
</kw>
<doc>
Test Description: 
- Stub Test</doc>
<tags>
<tag>IPI</tag>
<tag>Stub</tag>
<tag>v3</tag>
</tags>
<status status="PASS" starttime="20190424 09:50:30.974" endtime="20190424 09:50:30.985" critical="yes"></status>
</test>
<doc>Subsuite 3</doc>
<metadata>
<item name="Time">2019-04-24 09:50:30</item>
</metadata>
<status status="PASS" starttime="20190424 09:50:30.974" endtime="20190424 09:50:30.985"></status>
</suite>
<status status="PASS" starttime="20190424 09:50:30.942" endtime="20190424 09:50:30.985"></status>
</suite>
<suite id="s1-s2" name="Logger" source="C:\Users\rechegaray\Desktop\robotWrapper\tests\logger">
<suite id="s1-s2-s1" name="V1" source="C:\Users\rechegaray\Desktop\robotWrapper\tests\logger\v1.robot">
<test id="s1-s2-s1-t1" name="Stub Test">
<kw name="Get Time" library="BuiltIn">
<doc>Returns the given time in the requested format.</doc>
<assign>
<var>${time}</var>
</assign>
<msg timestamp="20190424 09:50:31.001" level="INFO">${time} = 2019-04-24 09:50:31</msg>
<status status="PASS" starttime="20190424 09:50:31.001" endtime="20190424 09:50:31.001"></status>
</kw>
<kw name="Set Suite Metadata" library="BuiltIn">
<doc>Sets metadata for the current test suite.</doc>
<arguments>
<arg>Time</arg>
<arg>${time}</arg>
</arguments>
<msg timestamp="20190424 09:50:31.001" level="INFO">Set suite metadata 'Time' to value '2019-04-24 09:50:31'.</msg>
<status status="PASS" starttime="20190424 09:50:31.001" endtime="20190424 09:50:31.001"></status>
</kw>
<kw name="Catenate" library="BuiltIn">
<doc>Catenates the given items together and returns the resulted string.</doc>
<arguments>
<arg>\r\n Test Description:</arg>
</arguments>
<assign>
<var>${my_doc}</var>
</assign>
<msg timestamp="20190424 09:50:31.001" level="INFO">${my_doc} = 
Test Description:</msg>
<status status="PASS" starttime="20190424 09:50:31.001" endtime="20190424 09:50:31.001"></status>
</kw>
<kw name="Catenate" library="BuiltIn">
<doc>Catenates the given items together and returns the resulted string.</doc>
<arguments>
<arg>${my_doc}</arg>
<arg>\n - Stub Test</arg>
</arguments>
<assign>
<var>${my_doc}</var>
</assign>
<msg timestamp="20190424 09:50:31.001" level="INFO">${my_doc} = 
Test Description: 
- Stub Test</msg>
<status status="PASS" starttime="20190424 09:50:31.001" endtime="20190424 09:50:31.001"></status>
</kw>
<kw name="Set Test Documentation" library="BuiltIn">
<doc>Sets documentation for the current test case.</doc>
<arguments>
<arg>${my_doc}</arg>
</arguments>
<msg timestamp="20190424 09:50:31.001" level="INFO">Set test documentation to:

Test Description: 
- Stub Test</msg>
<status status="PASS" starttime="20190424 09:50:31.001" endtime="20190424 09:50:31.001"></status>
</kw>
<doc>
Test Description: 
- Stub Test</doc>
<tags>
<tag>Logger</tag>
<tag>Stub</tag>
<tag>v1</tag>
</tags>
<status status="PASS" starttime="20190424 09:50:31.001" endtime="20190424 09:50:31.001" critical="yes"></status>
</test>
<doc>Subsuite 1</doc>
<metadata>
<item name="Time">2019-04-24 09:50:31</item>
</metadata>
<status status="PASS" starttime="20190424 09:50:30.985" endtime="20190424 09:50:31.001"></status>
</suite>
<suite id="s1-s2-s2" name="V2" source="C:\Users\rechegaray\Desktop\robotWrapper\tests\logger\v2.robot">
<test id="s1-s2-s2-t1" name="Stub Test">
<kw name="Get Time" library="BuiltIn">
<doc>Returns the given time in the requested format.</doc>
<assign>
<var>${time}</var>
</assign>
<msg timestamp="20190424 09:50:31.001" level="INFO">${time} = 2019-04-24 09:50:31</msg>
<status status="PASS" starttime="20190424 09:50:31.001" endtime="20190424 09:50:31.001"></status>
</kw>
<kw name="Set Suite Metadata" library="BuiltIn">
<doc>Sets metadata for the current test suite.</doc>
<arguments>
<arg>Time</arg>
<arg>${time}</arg>
</arguments>
<msg timestamp="20190424 09:50:31.001" level="INFO">Set suite metadata 'Time' to value '2019-04-24 09:50:31'.</msg>
<status status="PASS" starttime="20190424 09:50:31.001" endtime="20190424 09:50:31.001"></status>
</kw>
<kw name="Catenate" library="BuiltIn">
<doc>Catenates the given items together and returns the resulted string.</doc>
<arguments>
<arg>\r\n Test Description:</arg>
</arguments>
<assign>
<var>${my_doc}</var>
</assign>
<msg timestamp="20190424 09:50:31.001" level="INFO">${my_doc} = 
Test Description:</msg>
<status status="PASS" starttime="20190424 09:50:31.001" endtime="20190424 09:50:31.001"></status>
</kw>
<kw name="Catenate" library="BuiltIn">
<doc>Catenates the given items together and returns the resulted string.</doc>
<arguments>
<arg>${my_doc}</arg>
<arg>\n - Stub Test</arg>
</arguments>
<assign>
<var>${my_doc}</var>
</assign>
<msg timestamp="20190424 09:50:31.016" level="INFO">${my_doc} = 
Test Description: 
- Stub Test</msg>
<status status="PASS" starttime="20190424 09:50:31.001" endtime="20190424 09:50:31.016"></status>
</kw>
<kw name="Set Test Documentation" library="BuiltIn">
<doc>Sets documentation for the current test case.</doc>
<arguments>
<arg>${my_doc}</arg>
</arguments>
<msg timestamp="20190424 09:50:31.016" level="INFO">Set test documentation to:

Test Description: 
- Stub Test</msg>
<status status="PASS" starttime="20190424 09:50:31.016" endtime="20190424 09:50:31.016"></status>
</kw>
<doc>
Test Description: 
- Stub Test</doc>
<tags>
<tag>Logger</tag>
<tag>Stub</tag>
<tag>v2</tag>
</tags>
<status status="PASS" starttime="20190424 09:50:31.001" endtime="20190424 09:50:31.016" critical="yes"></status>
</test>
<doc>Subsuite 2</doc>
<metadata>
<item name="Time">2019-04-24 09:50:31</item>
</metadata>
<status status="PASS" starttime="20190424 09:50:31.001" endtime="20190424 09:50:31.016"></status>
</suite>
<suite id="s1-s2-s3" name="V3" source="C:\Users\rechegaray\Desktop\robotWrapper\tests\logger\v3.robot">
<test id="s1-s2-s3-t1" name="Stub Test">
<kw name="Get Time" library="BuiltIn">
<doc>Returns the given time in the requested format.</doc>
<assign>
<var>${time}</var>
</assign>
<msg timestamp="20190424 09:50:31.016" level="INFO">${time} = 2019-04-24 09:50:31</msg>
<status status="PASS" starttime="20190424 09:50:31.016" endtime="20190424 09:50:31.016"></status>
</kw>
<kw name="Set Suite Metadata" library="BuiltIn">
<doc>Sets metadata for the current test suite.</doc>
<arguments>
<arg>Time</arg>
<arg>${time}</arg>
</arguments>
<msg timestamp="20190424 09:50:31.016" level="INFO">Set suite metadata 'Time' to value '2019-04-24 09:50:31'.</msg>
<status status="PASS" starttime="20190424 09:50:31.016" endtime="20190424 09:50:31.016"></status>
</kw>
<kw name="Catenate" library="BuiltIn">
<doc>Catenates the given items together and returns the resulted string.</doc>
<arguments>
<arg>\r\n Test Description:</arg>
</arguments>
<assign>
<var>${my_doc}</var>
</assign>
<msg timestamp="20190424 09:50:31.032" level="INFO">${my_doc} = 
Test Description:</msg>
<status status="PASS" starttime="20190424 09:50:31.016" endtime="20190424 09:50:31.032"></status>
</kw>
<kw name="Catenate" library="BuiltIn">
<doc>Catenates the given items together and returns the resulted string.</doc>
<arguments>
<arg>${my_doc}</arg>
<arg>\n - Stub Test</arg>
</arguments>
<assign>
<var>${my_doc}</var>
</assign>
<msg timestamp="20190424 09:50:31.032" level="INFO">${my_doc} = 
Test Description: 
- Stub Test</msg>
<status status="PASS" starttime="20190424 09:50:31.032" endtime="20190424 09:50:31.032"></status>
</kw>
<kw name="Set Test Documentation" library="BuiltIn">
<doc>Sets documentation for the current test case.</doc>
<arguments>
<arg>${my_doc}</arg>
</arguments>
<msg timestamp="20190424 09:50:31.032" level="INFO">Set test documentation to:

Test Description: 
- Stub Test</msg>
<status status="PASS" starttime="20190424 09:50:31.032" endtime="20190424 09:50:31.032"></status>
</kw>
<doc>
Test Description: 
- Stub Test</doc>
<tags>
<tag>Logger</tag>
<tag>Stub</tag>
<tag>v3</tag>
</tags>
<status status="PASS" starttime="20190424 09:50:31.016" endtime="20190424 09:50:31.032" critical="yes"></status>
</test>
<doc>Subsuite 3</doc>
<metadata>
<item name="Time">2019-04-24 09:50:31</item>
</metadata>
<status status="PASS" starttime="20190424 09:50:31.016" endtime="20190424 09:50:31.032"></status>
</suite>
<status status="PASS" starttime="20190424 09:50:30.985" endtime="20190424 09:50:31.032"></status>
</suite>
<status status="PASS" starttime="20190424 09:50:30.911" endtime="20190424 09:50:31.032"></status>
</suite>
<statistics>
<total>
<stat pass="6" fail="0">Critical Tests</stat>
<stat pass="6" fail="0">All Tests</stat>
</total>
<tag>
<stat pass="3" fail="0">IPI</stat>
<stat pass="3" fail="0">Logger</stat>
<stat pass="6" fail="0">Stub</stat>
<stat pass="2" fail="0">v1</stat>
<stat pass="2" fail="0">v2</stat>
<stat pass="2" fail="0">v3</stat>
</tag>
<suite>
<stat pass="6" fail="0" id="s1" name="Tests">Tests</stat>
<stat pass="3" fail="0" id="s1-s1" name="Ipi">Tests.Ipi</stat>
<stat pass="1" fail="0" id="s1-s1-s1" name="V1">Tests.Ipi.V1</stat>
<stat pass="1" fail="0" id="s1-s1-s2" name="V2">Tests.Ipi.V2</stat>
<stat pass="1" fail="0" id="s1-s1-s3" name="V3">Tests.Ipi.V3</stat>
<stat pass="3" fail="0" id="s1-s2" name="Logger">Tests.Logger</stat>
<stat pass="1" fail="0" id="s1-s2-s1" name="V1">Tests.Logger.V1</stat>
<stat pass="1" fail="0" id="s1-s2-s2" name="V2">Tests.Logger.V2</stat>
<stat pass="1" fail="0" id="s1-s2-s3" name="V3">Tests.Logger.V3</stat>
</suite>
</statistics>
<errors>
</errors>
</robot>
